APPLICATION	CarMaker 5.0.2 - Car_Generic #351 (5.0.2)
COMPILED	fh@daniel.ipg 2015-09-30 13:47:18
SIM_START	Examples_FS/FS_Acceleration	2016-07-22 19:12:54
TIME	0.001
WARNING		PowerTrain OpenXWD: No selected PowerTrainXWD model; calculation using DVA is possible, but without 'integration substepping'
TIME	0.000
SIMULATE	Examples_FS/FS_Acceleration

TIME	3.886
SIM_END		Examples_FS/FS_Acceleration	3.885s	75.0377m
APPLICATION	CarMaker 5.0.2 - Car_Generic #351 (5.0.2)
COMPILED	fh@daniel.ipg 2015-09-30 13:47:18
SIM_START	Examples_FS/FS_Acceleration	2016-07-22 19:13:56
TIME	0.001
WARNING		PowerTrain OpenXWD: No selected PowerTrainXWD model; calculation using DVA is possible, but without 'integration substepping'
TIME	0.000
SIMULATE	Examples_FS/FS_Acceleration

TIME	3.796
SIM_END		Examples_FS/FS_Acceleration	3.795s	75.0468m
APPLICATION	CarMaker 5.0.2 - Car_Generic #351 (5.0.2)
COMPILED	fh@daniel.ipg 2015-09-30 13:47:18
SIM_START	Examples_FS/FS_Acceleration	2016-07-22 23:40:47
TIME	0.001
WARNING		PowerTrain OpenXWD: No selected PowerTrainXWD model; calculation using DVA is possible, but without 'integration substepping'
TIME	0.000
SIMULATE	Examples_FS/FS_Acceleration

TIME	3.707
SIM_END		Examples_FS/FS_Acceleration	3.706s	75.0344m
APPLICATION	CarMaker 5.0.2 - Car_Generic #351 (5.0.2)
COMPILED	fh@daniel.ipg 2015-09-30 13:47:18
SIM_START	Examples_FS/FS_Acceleration	2016-07-22 23:44:15
TIME	0.001
WARNING		PowerTrain OpenXWD: No selected PowerTrainXWD model; calculation using DVA is possible, but without 'integration substepping'
TIME	0.000
SIMULATE	Examples_FS/FS_Acceleration

TIME	3.703
SIM_END		Examples_FS/FS_Acceleration	3.702s	75.038m
APPLICATION	CarMaker 5.0.2 - Car_Generic #351 (5.0.2)
COMPILED	fh@daniel.ipg 2015-09-30 13:47:18
SIM_START	Examples_FS/FS_Acceleration	2016-07-22 23:44:54
TIME	0.001
WARNING		PowerTrain OpenXWD: No selected PowerTrainXWD model; calculation using DVA is possible, but without 'integration substepping'
TIME	0.000
SIMULATE	Examples_FS/FS_Acceleration

TIME	3.887
SIM_END		Examples_FS/FS_Acceleration	3.886s	75.0577m
APPLICATION	CarMaker 5.0.2 - Car_Generic #351 (5.0.2)
COMPILED	fh@daniel.ipg 2015-09-30 13:47:18
SIM_START	Examples_FS/FS_Acceleration	2016-07-22 23:46:41
TIME	0.001
WARNING		PowerTrain OpenXWD: No selected PowerTrainXWD model; calculation using DVA is possible, but without 'integration substepping'
TIME	0.000
SIMULATE	Examples_FS/FS_Acceleration

TIME	4.058
SIM_END		Examples_FS/FS_Acceleration	4.057s	75.0445m
APPLICATION	CarMaker 5.0.2 - Car_Generic #351 (5.0.2)
COMPILED	fh@daniel.ipg 2015-09-30 13:47:18
SIM_START	Examples_FS/FS_Acceleration	2016-07-22 23:47:35
TIME	0.001
WARNING		PowerTrain OpenXWD: No selected PowerTrainXWD model; calculation using DVA is possible, but without 'integration substepping'
TIME	0.000
SIMULATE	Examples_FS/FS_Acceleration

TIME	4.066
SIM_END		Examples_FS/FS_Acceleration	4.065s	75.0325m
APPLICATION	CarMaker 5.0.2 - Car_Generic #351 (5.0.2)
COMPILED	fh@daniel.ipg 2015-09-30 13:47:18
SIM_START	Examples_FS/FS_Acceleration	2016-07-22 23:48:29
TIME	0.001
WARNING		PowerTrain OpenXWD: No selected PowerTrainXWD model; calculation using DVA is possible, but without 'integration substepping'
TIME	0.000
SIMULATE	Examples_FS/FS_Acceleration

TIME	4.006
SIM_END		Examples_FS/FS_Acceleration	4.005s	75.0465m
APPLICATION	CarMaker 5.0.2 - Car_Generic #351 (5.0.2)
COMPILED	fh@daniel.ipg 2015-09-30 13:47:18
SIM_START	Examples_FS/FS_Acceleration	2016-07-22 23:52:46
TIME	0.001
WARNING		PowerTrain OpenXWD: No selected PowerTrainXWD model; calculation using DVA is possible, but without 'integration substepping'
TIME	0.000
SIMULATE	Examples_FS/FS_Acceleration

TIME	4.006
SIM_END		Examples_FS/FS_Acceleration	4.005s	75.0465m
APPLICATION	CarMaker 5.0.2 - Car_Generic #351 (5.0.2)
COMPILED	fh@daniel.ipg 2015-09-30 13:47:18
SIM_START	Examples_FS/FS_Acceleration	2016-07-22 23:53:38
TIME	0.001
WARNING		PowerTrain OpenXWD: No selected PowerTrainXWD model; calculation using DVA is possible, but without 'integration substepping'
TIME	0.000
SIMULATE	Examples_FS/FS_Acceleration

TIME	3.780
SIM_END		Examples_FS/FS_Acceleration	3.779s	75.0422m
APPLICATION	CarMaker 5.0.2 - Car_Generic #351 (5.0.2)
COMPILED	fh@daniel.ipg 2015-09-30 13:47:18
SIM_START	Examples_FS/FS_Acceleration	2016-07-22 23:56:03
TIME	0.001
WARNING		PowerTrain OpenXWD: No selected PowerTrainXWD model; calculation using DVA is possible, but without 'integration substepping'
TIME	0.000
SIMULATE	Examples_FS/FS_Acceleration

TIME	3.780
SIM_END		Examples_FS/FS_Acceleration	3.779s	75.0352m
APPLICATION	CarMaker 5.0.2 - Car_Generic #351 (5.0.2)
COMPILED	fh@daniel.ipg 2015-09-30 13:47:18
SIM_START	Examples_FS/FS_Acceleration	2016-07-22 23:59:28
TIME	0.001
WARNING		PowerTrain OpenXWD: No selected PowerTrainXWD model; calculation using DVA is possible, but without 'integration substepping'
TIME	0.000
SIMULATE	Examples_FS/FS_Acceleration

TIME	4.103
SIM_END		Examples_FS/FS_Acceleration	4.102s	75.0388m
APPLICATION	CarMaker 5.0.2 - Car_Generic #351 (5.0.2)
COMPILED	fh@daniel.ipg 2015-09-30 13:47:18
SIM_START	Examples_FS/FS_Acceleration	2016-07-23 00:01:05
TIME	0.001
WARNING		PowerTrain OpenXWD: No selected PowerTrainXWD model; calculation using DVA is possible, but without 'integration substepping'
TIME	0.000
SIMULATE	Examples_FS/FS_Acceleration

TIME	4.102
SIM_END		Examples_FS/FS_Acceleration	4.101s	75.0308m
APPLICATION	CarMaker 5.0.2 - Car_Generic #351 (5.0.2)
COMPILED	fh@daniel.ipg 2015-09-30 13:47:18
SIM_START	Examples_FS/FS_Acceleration	2016-07-23 00:01:53
TIME	0.001
WARNING		PowerTrain OpenXWD: No selected PowerTrainXWD model; calculation using DVA is possible, but without 'integration substepping'
TIME	0.000
SIMULATE	Examples_FS/FS_Acceleration

TIME	4.122
SIM_END		Examples_FS/FS_Acceleration	4.121s	75.0382m
APPLICATION	CarMaker 5.0.2 - Car_Generic #351 (5.0.2)
COMPILED	fh@daniel.ipg 2015-09-30 13:47:18
SIM_START	Examples_FS/FS_Acceleration	2016-07-23 00:02:26
TIME	0.001
WARNING		PowerTrain OpenXWD: No selected PowerTrainXWD model; calculation using DVA is possible, but without 'integration substepping'
TIME	0.000
SIMULATE	Examples_FS/FS_Acceleration

TIME	4.098
SIM_END		Examples_FS/FS_Acceleration	4.097s	75.0548m
APPLICATION	CarMaker 5.0.2 - Car_Generic #351 (5.0.2)
COMPILED	fh@daniel.ipg 2015-09-30 13:47:18
SIM_START	Examples_FS/FS_Acceleration	2016-07-23 00:03:27
TIME	0.001
WARNING		PowerTrain OpenXWD: No selected PowerTrainXWD model; calculation using DVA is possible, but without 'integration substepping'
TIME	0.000
SIMULATE	Examples_FS/FS_Acceleration

TIME	4.097
SIM_END		Examples_FS/FS_Acceleration	4.096s	75.0284m
