APPLICATION	CarMaker 5.0.2 - Car_Generic #351 (5.0.2)
COMPILED	fh@daniel.ipg 2015-09-30 13:47:18
SIM_START	Examples_FS/FS_Competition_SkidPad	2016-07-20 12:47:17
TIME	0.001
WARNING		PowerTrain OpenXWD: No selected PowerTrainXWD model; calculation using DVA is possible, but without 'integration substepping'
TIME	0.000
SIMULATE	Examples_FS/FS_Competition_SkidPad

TIME	6.327
ERROR		Vehicle leaves road at about x=5.81371, y=-17.0389 TireNo=0
SIM_ABORT	Examples_FS/FS_Competition_SkidPad	6.329s	51.4457m
APPLICATION	CarMaker 5.0.2 - Car_Generic #351 (5.0.2)
COMPILED	fh@daniel.ipg 2015-09-30 13:47:18
SIM_START	Examples_FS/FS_Competition_SkidPad	2016-07-20 12:48:03
TIME	0.001
WARNING		PowerTrain OpenXWD: No selected PowerTrainXWD model; calculation using DVA is possible, but without 'integration substepping'
TIME	0.000
SIMULATE	Examples_FS/FS_Competition_SkidPad

TIME	25.413
SIM_END		Examples_FS/FS_Competition_SkidPad	25.412s	263.923m
APPLICATION	CarMaker 5.0.2 - Car_Generic #351 (5.0.2)
COMPILED	fh@daniel.ipg 2015-09-30 13:47:18
SIM_START	Examples_FS/FS_Competition_SkidPad	2016-07-20 12:48:59
TIME	0.001
WARNING		PowerTrain OpenXWD: No selected PowerTrainXWD model; calculation using DVA is possible, but without 'integration substepping'
TIME	0.000
SIMULATE	Examples_FS/FS_Competition_SkidPad

TIME	25.413
SIM_END		Examples_FS/FS_Competition_SkidPad	25.412s	263.923m
APPLICATION	CarMaker 5.0.2 - Car_Generic #351 (5.0.2)
COMPILED	fh@daniel.ipg 2015-09-30 13:47:18
SIM_START	Examples_FS/FS_Competition_SkidPad	2016-07-20 12:50:12
TIME	0.001
WARNING		PowerTrain OpenXWD: No selected PowerTrainXWD model; calculation using DVA is possible, but without 'integration substepping'
TIME	0.000
SIMULATE	Examples_FS/FS_Competition_SkidPad

TIME	16.738
SIM_END		Examples_FS/FS_Competition_SkidPad	16.734s	162.786m
APPLICATION	CarMaker 5.0.2 - Car_Generic #351 (5.0.2)
COMPILED	fh@daniel.ipg 2015-09-30 13:47:18
SIM_START	Examples_FS/FS_Competition_SkidPad	2016-07-20 12:50:52
TIME	0.001
WARNING		PowerTrain OpenXWD: No selected PowerTrainXWD model; calculation using DVA is possible, but without 'integration substepping'
TIME	0.000
SIMULATE	Examples_FS/FS_Competition_SkidPad

TIME	18.880
SIM_END		Examples_FS/FS_Competition_SkidPad	18.876s	185.88m
