APPLICATION	CarMaker 5.0.2 - Car_Generic #351 (5.0.2)
COMPILED	fh@daniel.ipg 2015-09-30 13:47:18
SIM_START	Examples_FS/FS_Acceleration	2016-07-01 08:14:07
TIME	0.001
WARNING		PowerTrain OpenXWD: No selected PowerTrainXWD model; calculation using DVA is possible, but without 'integration substepping'
TIME	0.000
SIMULATE	Examples_FS/FS_Acceleration

TIME	12.133
SIM_END		Examples_FS/FS_Acceleration	12.132s	55.9369m
APPLICATION	CarMaker 5.0.2 - Car_Generic #351 (5.0.2)
COMPILED	fh@daniel.ipg 2015-09-30 13:47:18
SIM_START	Examples_FS/FS_Acceleration	2016-07-01 08:15:49
TIME	0.001
WARNING		PowerTrain OpenXWD: No selected PowerTrainXWD model; calculation using DVA is possible, but without 'integration substepping'
TIME	0.000
SIMULATE	Examples_FS/FS_Acceleration

TIME	11.836
SIM_END		Examples_FS/FS_Acceleration	11.835s	59.9236m
APPLICATION	CarMaker 5.0.2 - Car_Generic #351 (5.0.2)
COMPILED	fh@daniel.ipg 2015-09-30 13:47:18
SIM_START	Examples_FS/FS_Acceleration	2016-07-01 08:18:43
TIME	0.001
WARNING		PowerTrain OpenXWD: No selected PowerTrainXWD model; calculation using DVA is possible, but without 'integration substepping'
TIME	0.000
SIMULATE	Examples_FS/FS_Acceleration

TIME	11.915
SIM_END		Examples_FS/FS_Acceleration	11.914s	61.2963m
APPLICATION	CarMaker 5.0.2 - Car_Generic #351 (5.0.2)
COMPILED	fh@daniel.ipg 2015-09-30 13:47:18
SIM_START	Examples_FS/FS_Acceleration	2016-07-01 08:20:00
TIME	0.001
WARNING		PowerTrain OpenXWD: No selected PowerTrainXWD model; calculation using DVA is possible, but without 'integration substepping'
TIME	0.000
SIMULATE	Examples_FS/FS_Acceleration

TIME	12.173
SIM_END		Examples_FS/FS_Acceleration	12.172s	57.0434m
APPLICATION	CarMaker 5.0.2 - Car_Generic #351 (5.0.2)
COMPILED	fh@daniel.ipg 2015-09-30 13:47:18
SIM_START	Examples_FS/FS_Acceleration	2016-07-01 08:28:59
TIME	0.001
WARNING		PowerTrain OpenXWD: No selected PowerTrainXWD model; calculation using DVA is possible, but without 'integration substepping'
TIME	0.000
SIMULATE	Examples_FS/FS_Acceleration

TIME	13.616
SIM_END		Examples_FS/FS_Acceleration	13.615s	96.6749m
APPLICATION	CarMaker 5.0.2 - Car_Generic #351 (5.0.2)
COMPILED	fh@daniel.ipg 2015-09-30 13:47:18
SIM_START	Examples_FS/FS_Acceleration	2016-07-01 08:34:05
TIME	0.001
WARNING		PowerTrain OpenXWD: No selected PowerTrainXWD model; calculation using DVA is possible, but without 'integration substepping'
TIME	0.000
SIMULATE	Examples_FS/FS_Acceleration

TIME	13.616
SIM_END		Examples_FS/FS_Acceleration	13.615s	96.6749m
