APPLICATION	CarMaker 5.0.2 - Car_Generic #351 (5.0.2)
COMPILED	fh@daniel.ipg 2015-09-30 13:47:18
SIM_START	Examples_FS/FS_Acceleration	2016-07-20 14:51:04
TIME	0.001
WARNING		PowerTrain OpenXWD: No selected PowerTrainXWD model; calculation using DVA is possible, but without 'integration substepping'
TIME	0.000
SIMULATE	Examples_FS/FS_Acceleration

TIME	3.995
SIM_END		Examples_FS/FS_Acceleration	3.994s	75.054m
APPLICATION	CarMaker 5.0.2 - Car_Generic #351 (5.0.2)
COMPILED	fh@daniel.ipg 2015-09-30 13:47:18
SIM_START	Examples_FS/FS_Acceleration	2016-07-20 14:52:12
TIME	0.001
WARNING		PowerTrain OpenXWD: No selected PowerTrainXWD model; calculation using DVA is possible, but without 'integration substepping'
TIME	0.000
SIMULATE	Examples_FS/FS_Acceleration

TIME	3.879
SIM_END		Examples_FS/FS_Acceleration	3.878s	75.0343m
APPLICATION	CarMaker 5.0.2 - Car_Generic #351 (5.0.2)
COMPILED	fh@daniel.ipg 2015-09-30 13:47:18
SIM_START	Examples_FS/FS_Acceleration	2016-07-20 15:50:40
TIME	0.001
WARNING		PowerTrain OpenXWD: No selected PowerTrainXWD model; calculation using DVA is possible, but without 'integration substepping'
TIME	0.000
SIMULATE	Examples_FS/FS_Acceleration

TIME	12.122
SIM_END		Examples_FS/FS_Acceleration	12.121s	57.0654m
