APPLICATION	CarMaker 5.0.2 - Car_Generic #351 (5.0.2)
COMPILED	fh@daniel.ipg 2015-09-30 13:47:18
SIM_START	Examples_FS/OptimumEndurance2012Germany	2016-05-24 12:32:27
TIME	0.001
WARNING		PowerTrain OpenXWD: No selected PowerTrainXWD model; calculation using DVA is possible, but without 'integration substepping'
TIME	0.000
SIMULATE	Examples_FS/OptimumEndurance2012Germany

TIME	80.718
SIM_END		Examples_FS/OptimumEndurance2012Germany	80.717s	1373.72m
APPLICATION	CarMaker 5.0.2 - Car_Generic #351 (5.0.2)
COMPILED	fh@daniel.ipg 2015-09-30 13:47:18
SIM_START	Examples_FS/OptimumEndurance2012Germany	2016-05-24 12:34:45
TIME	0.001
WARNING		PowerTrain OpenXWD: No selected PowerTrainXWD model; calculation using DVA is possible, but without 'integration substepping'
TIME	0.000
SIMULATE	Examples_FS/OptimumEndurance2012Germany

TIME	81.671
SIM_END		Examples_FS/OptimumEndurance2012Germany	81.67s	1374.18m
APPLICATION	CarMaker 5.0.2 - Car_Generic #351 (5.0.2)
COMPILED	fh@daniel.ipg 2015-09-30 13:47:18
SIM_START	Examples_FS/OptimumEndurance2012Germany	2016-05-24 12:40:38
TIME	0.001
WARNING		PowerTrain OpenXWD: No selected PowerTrainXWD model; calculation using DVA is possible, but without 'integration substepping'
TIME	0.000
SIMULATE	Examples_FS/OptimumEndurance2012Germany

TIME	16.277
SIM_END		Examples_FS/OptimumEndurance2012Germany	16.273s	226.696m
APPLICATION	CarMaker 5.0.2 - Car_Generic #351 (5.0.2)
COMPILED	fh@daniel.ipg 2015-09-30 13:47:18
SIM_START	Examples_FS/OptimumEndurance2012Germany	2016-05-24 12:44:39
TIME	0.001
WARNING		PowerTrain OpenXWD: No selected PowerTrainXWD model; calculation using DVA is possible, but without 'integration substepping'
TIME	0.000
SIMULATE	Examples_FS/OptimumEndurance2012Germany

TIME	81.794
SIM_END		Examples_FS/OptimumEndurance2012Germany	81.793s	1374.81m
APPLICATION	CarMaker 5.0.2 - Car_Generic #351 (5.0.2)
COMPILED	fh@daniel.ipg 2015-09-30 13:47:18
SIM_START	Examples_FS/OptimumEndurance2012Germany	2016-05-28 11:03:14
TIME	0.001
WARNING		PowerTrain OpenXWD: No selected PowerTrainXWD model; calculation using DVA is possible, but without 'integration substepping'
TIME	0.000
SIMULATE	Examples_FS/OptimumEndurance2012Germany

TIME	20.018
ERROR		Roll angle too high (80.10 deg)
SIM_ABORT	Examples_FS/OptimumEndurance2012Germany	20.02s	334.385m
APPLICATION	CarMaker 5.0.2 - Car_Generic #351 (5.0.2)
COMPILED	fh@daniel.ipg 2015-09-30 13:47:18
SIM_START	Examples_FS/OptimumEndurance2012Germany	2016-05-28 11:03:50
TIME	0.001
WARNING		PowerTrain OpenXWD: No selected PowerTrainXWD model; calculation using DVA is possible, but without 'integration substepping'
TIME	0.000
SIMULATE	Examples_FS/OptimumEndurance2012Germany

TIME	74.221
SIM_END		Examples_FS/OptimumEndurance2012Germany	74.22s	1370.42m
APPLICATION	CarMaker 5.0.2 - Car_Generic #351 (5.0.2)
COMPILED	fh@daniel.ipg 2015-09-30 13:47:18
SIM_START	Examples_FS/OptimumEndurance2012Germany	2016-05-28 11:07:40
TIME	0.001
WARNING		PowerTrain OpenXWD: No selected PowerTrainXWD model; calculation using DVA is possible, but without 'integration substepping'
TIME	0.000
SIMULATE	Examples_FS/OptimumEndurance2012Germany

TIME	48.448
ERROR		Vehicle leaves road at about x=51.6917, y=51.0804 TireNo=0
SIM_ABORT	Examples_FS/OptimumEndurance2012Germany	48.45s	887.339m
APPLICATION	CarMaker 5.0.2 - Car_Generic #351 (5.0.2)
COMPILED	fh@daniel.ipg 2015-09-30 13:47:18
SIM_START	Examples_FS/OptimumEndurance2012Germany	2016-05-28 11:08:43
TIME	0.001
WARNING		PowerTrain OpenXWD: No selected PowerTrainXWD model; calculation using DVA is possible, but without 'integration substepping'
TIME	0.000
SIMULATE	Examples_FS/OptimumEndurance2012Germany

TIME	74.221
SIM_END		Examples_FS/OptimumEndurance2012Germany	74.22s	1370.42m
APPLICATION	CarMaker 5.0.2 - Car_Generic #351 (5.0.2)
COMPILED	fh@daniel.ipg 2015-09-30 13:47:18
SIM_START	Examples_FS/OptimumAutocross2012Germany	2016-05-28 11:34:39
TIME	0.001
WARNING		PowerTrain OpenXWD: No selected PowerTrainXWD model; calculation using DVA is possible, but without 'integration substepping'
TIME	0.000
SIMULATE	Examples_FS/OptimumAutocross2012Germany

TIME	36.146
SIM_END		Examples_FS/OptimumAutocross2012Germany	36.142s	0.00119683m
APPLICATION	CarMaker 5.0.2 - Car_Generic #351 (5.0.2)
COMPILED	fh@daniel.ipg 2015-09-30 13:47:18
SIM_START	Examples_FS/OptimumAutocross2012Germany	2016-05-28 11:36:28
TIME	0.001
WARNING		PowerTrain OpenXWD: No selected PowerTrainXWD model; calculation using DVA is possible, but without 'integration substepping'
TIME	0.000
SIMULATE	Examples_FS/OptimumAutocross2012Germany

TIME	4.995
SIM_END		Examples_FS/OptimumAutocross2012Germany	4.991s	0.000153819m
APPLICATION	CarMaker 5.0.2 - Car_Generic #351 (5.0.2)
COMPILED	fh@daniel.ipg 2015-09-30 13:47:18
SIM_START	Examples_FS/OptimumAutocross2012Germany	2016-05-28 11:36:45
TIME	0.001
WARNING		PowerTrain OpenXWD: No selected PowerTrainXWD model; calculation using DVA is possible, but without 'integration substepping'
TIME	0.000
SIMULATE	Examples_FS/OptimumAutocross2012Germany

TIME	7.653
SIM_END		Examples_FS/OptimumAutocross2012Germany	7.649s	0.000270131m
APPLICATION	CarMaker 5.0.2 - Car_Generic #351 (5.0.2)
COMPILED	fh@daniel.ipg 2015-09-30 13:47:18
SIM_START	Examples_FS/OptimumAutocross2012Germany	2016-05-28 11:37:44
TIME	0.001
WARNING		PowerTrain OpenXWD: No selected PowerTrainXWD model; calculation using DVA is possible, but without 'integration substepping'
TIME	0.000
SIMULATE	Examples_FS/OptimumAutocross2012Germany

TIME	9.019
SIM_END		Examples_FS/OptimumAutocross2012Germany	9.015s	0.000362728m
APPLICATION	CarMaker 5.0.2 - Car_Generic #351 (5.0.2)
COMPILED	fh@daniel.ipg 2015-09-30 13:47:18
SIM_START	Examples_FS/OptimumAutocross2012Germany	2016-05-28 11:39:03
TIME	0.001
WARNING		PowerTrain OpenXWD: No selected PowerTrainXWD model; calculation using DVA is possible, but without 'integration substepping'
TIME	0.000
SIMULATE	Examples_FS/OptimumAutocross2012Germany

TIME	74.297
SIM_END		Examples_FS/OptimumAutocross2012Germany	74.293s	0.00260518m
APPLICATION	CarMaker 5.0.2 - Car_Generic #351 (5.0.2)
COMPILED	fh@daniel.ipg 2015-09-30 13:47:18
SIM_START	Examples_FS/OptimumAutocross2012Germany	2016-05-28 11:40:52
TIME	0.001
WARNING		PowerTrain OpenXWD: No selected PowerTrainXWD model; calculation using DVA is possible, but without 'integration substepping'
TIME	0.000
SIMULATE	Examples_FS/OptimumAutocross2012Germany

TIME	5.157
SIM_END		Examples_FS/OptimumAutocross2012Germany	5.153s	0.000163019m
APPLICATION	CarMaker 5.0.2 - Car_Generic #351 (5.0.2)
COMPILED	fh@daniel.ipg 2015-09-30 13:47:18
SIM_START	Examples_FS/OptimumAutocross2012Germany	2016-05-28 11:41:09
TIME	0.001
WARNING		PowerTrain OpenXWD: No selected PowerTrainXWD model; calculation using DVA is possible, but without 'integration substepping'
TIME	0.000
SIMULATE	Examples_FS/OptimumAutocross2012Germany

TIME	2.581
SIM_END		Examples_FS/OptimumAutocross2012Germany	2.577s	5.0532e-005m
APPLICATION	CarMaker 5.0.2 - Car_Generic #351 (5.0.2)
COMPILED	fh@daniel.ipg 2015-09-30 13:47:18
SIM_START	Examples_FS/OptimumAutocross2012Germany	2016-05-28 11:41:57
TIME	0.001
WARNING		PowerTrain OpenXWD: No selected PowerTrainXWD model; calculation using DVA is possible, but without 'integration substepping'
TIME	0.000
SIMULATE	Examples_FS/OptimumAutocross2012Germany

TIME	14.995
SIM_END		Examples_FS/OptimumAutocross2012Germany	14.991s	0.000632798m
APPLICATION	CarMaker 5.0.2 - Car_Generic #351 (5.0.2)
COMPILED	fh@daniel.ipg 2015-09-30 13:47:18
SIM_START	Examples_FS/FS_Acceleration	2016-05-28 11:42:18
TIME	0.001
WARNING		PowerTrain OpenXWD: No selected PowerTrainXWD model; calculation using DVA is possible, but without 'integration substepping'
TIME	0.000
SIMULATE	Examples_FS/FS_Acceleration

TIME	11.686
SIM_END		Examples_FS/FS_Acceleration	11.685s	62.8481m
APPLICATION	CarMaker 5.0.2 - Car_Generic #351 (5.0.2)
COMPILED	fh@daniel.ipg 2015-09-30 13:47:18
SIM_START	Examples_FS/OptimumEndurance2012Germany	2016-05-28 11:42:36
TIME	0.001
WARNING		PowerTrain OpenXWD: No selected PowerTrainXWD model; calculation using DVA is possible, but without 'integration substepping'
TIME	0.000
SIMULATE	Examples_FS/OptimumEndurance2012Germany

TIME	4.060
SIM_END		Examples_FS/OptimumEndurance2012Germany	4.056s	40.5112m
APPLICATION	CarMaker 5.0.2 - Car_Generic #351 (5.0.2)
COMPILED	fh@daniel.ipg 2015-09-30 13:47:18
SIM_START	Examples_FS/OptimumAutocross2012Germany	2016-05-28 11:42:51
TIME	0.001
WARNING		PowerTrain OpenXWD: No selected PowerTrainXWD model; calculation using DVA is possible, but without 'integration substepping'
TIME	0.000
SIMULATE	Examples_FS/OptimumAutocross2012Germany

TIME	4.120
SIM_END		Examples_FS/OptimumAutocross2012Germany	4.116s	0.000115185m
APPLICATION	CarMaker 5.0.2 - Car_Generic #351 (5.0.2)
COMPILED	fh@daniel.ipg 2015-09-30 13:47:18
SIM_START	Examples_FS/OptimumAutocross2012Germany	2016-05-28 11:43:37
TIME	0.001
WARNING		PowerTrain OpenXWD: No selected PowerTrainXWD model; calculation using DVA is possible, but without 'integration substepping'
TIME	0.000
SIMULATE	Examples_FS/OptimumAutocross2012Germany

TIME	23.404
SIM_END		Examples_FS/OptimumAutocross2012Germany	23.4s	0.000868065m
APPLICATION	CarMaker 5.0.2 - Car_Generic #351 (5.0.2)
COMPILED	fh@daniel.ipg 2015-09-30 13:47:18
SIM_START	Examples_FS/OptimumAutocross2012Germany	2016-05-28 11:44:29
TIME	0.001
WARNING		PowerTrain OpenXWD: No selected PowerTrainXWD model; calculation using DVA is possible, but without 'integration substepping'
TIME	0.000
SIMULATE	Examples_FS/OptimumAutocross2012Germany

TIME	5.248
SIM_END		Examples_FS/OptimumAutocross2012Germany	5.244s	0.000167845m
APPLICATION	CarMaker 5.0.2 - Car_Generic #351 (5.0.2)
COMPILED	fh@daniel.ipg 2015-09-30 13:47:18
SIM_START	Examples_FS/OptimumAutocross2012Germany	2016-05-28 11:45:08
TIME	0.001
WARNING		PowerTrain OpenXWD: No selected PowerTrainXWD model; calculation using DVA is possible, but without 'integration substepping'
TIME	0.000
SIMULATE	Examples_FS/OptimumAutocross2012Germany

TIME	10.638
SIM_END		Examples_FS/OptimumAutocross2012Germany	10.634s	0.00045722m
APPLICATION	CarMaker 5.0.2 - Car_Generic #351 (5.0.2)
COMPILED	fh@daniel.ipg 2015-09-30 13:47:18
SIM_START	Examples_FS/OptimumAutocross2012Germany	2016-05-28 11:46:17
TIME	0.001
WARNING		PowerTrain OpenXWD: No selected PowerTrainXWD model; calculation using DVA is possible, but without 'integration substepping'
TIME	0.000
SIMULATE	Examples_FS/OptimumAutocross2012Germany

TIME	13.718
SIM_END		Examples_FS/OptimumAutocross2012Germany	13.714s	0.000598767m
APPLICATION	CarMaker 5.0.2 - Car_Generic #351 (5.0.2)
COMPILED	fh@daniel.ipg 2015-09-30 13:47:18
SIM_START	Examples_FS/OptimumEndurance2012Germany	2016-05-28 11:47:54
TIME	0.001
WARNING		PowerTrain OpenXWD: No selected PowerTrainXWD model; calculation using DVA is possible, but without 'integration substepping'
TIME	0.000
SIMULATE	Examples_FS/OptimumEndurance2012Germany

TIME	7.872
SIM_END		Examples_FS/OptimumEndurance2012Germany	7.868s	113.753m
APPLICATION	CarMaker 5.0.2 - Car_Generic #351 (5.0.2)
COMPILED	fh@daniel.ipg 2015-09-30 13:47:18
SIM_START	Examples_FS/OptimumEndurance2012Germany	2016-05-28 11:50:25
TIME	0.001
WARNING		PowerTrain OpenXWD: No selected PowerTrainXWD model; calculation using DVA is possible, but without 'integration substepping'
TIME	0.000
SIMULATE	Examples_FS/OptimumEndurance2012Germany

TIME	20.018
ERROR		Roll angle too high (80.10 deg)
SIM_ABORT	Examples_FS/OptimumEndurance2012Germany	20.02s	334.385m
APPLICATION	CarMaker 5.0.2 - Car_Generic #351 (5.0.2)
COMPILED	fh@daniel.ipg 2015-09-30 13:47:18
SIM_START	Examples_FS/OptimumEndurance2012Germany	2016-05-28 11:52:00
TIME	0.001
WARNING		PowerTrain OpenXWD: No selected PowerTrainXWD model; calculation using DVA is possible, but without 'integration substepping'
TIME	0.000
SIMULATE	Examples_FS/OptimumEndurance2012Germany

TIME	58.168
ERROR		Vehicle leaves road at about x=24.7469, y=67.3232 TireNo=0
SIM_ABORT	Examples_FS/OptimumEndurance2012Germany	58.17s	1076.68m
APPLICATION	CarMaker 5.0.2 - Car_Generic #351 (5.0.2)
COMPILED	fh@daniel.ipg 2015-09-30 13:47:18
SIM_START	Examples_FS/OptimumAutocross2012Germany	2016-05-28 11:55:14
TIME	0.001
WARNING		PowerTrain OpenXWD: No selected PowerTrainXWD model; calculation using DVA is possible, but without 'integration substepping'
TIME	0.000
SIMULATE	Examples_FS/OptimumAutocross2012Germany

SIM_END		Examples_FS/OptimumAutocross2012Germany	1.463s	2.79928e-005m
APPLICATION	CarMaker 5.0.2 - Car_Generic #351 (5.0.2)
COMPILED	fh@daniel.ipg 2015-09-30 13:47:18
SIM_START	Examples_FS/OptimumEndurance2012Germany	2016-05-28 11:55:35
TIME	0.001
WARNING		PowerTrain OpenXWD: No selected PowerTrainXWD model; calculation using DVA is possible, but without 'integration substepping'
TIME	0.000
SIMULATE	Examples_FS/OptimumEndurance2012Germany

TIME	74.538
SIM_END		Examples_FS/OptimumEndurance2012Germany	74.537s	1368.87m
APPLICATION	CarMaker 5.0.2 - Car_Generic #351 (5.0.2)
COMPILED	fh@daniel.ipg 2015-09-30 13:47:18
SIM_START	Examples_FS/OptimumEndurance2012Germany	2016-05-28 11:57:36
TIME	0.001
WARNING		PowerTrain OpenXWD: No selected PowerTrainXWD model; calculation using DVA is possible, but without 'integration substepping'
TIME	0.000
SIMULATE	Examples_FS/OptimumEndurance2012Germany

TIME	10.636
ERROR		Roll angle too high (80.06 deg)
SIM_ABORT	Examples_FS/OptimumEndurance2012Germany	10.638s	184.593m
APPLICATION	CarMaker 5.0.2 - Car_Generic #351 (5.0.2)
COMPILED	fh@daniel.ipg 2015-09-30 13:47:18
SIM_START	Examples_FS/OptimumEndurance2012Germany	2016-05-28 11:58:14
TIME	0.001
ERROR		PowerTrain.PTXWD: Unknown kind '1', version 1
ERROR		CM_Main.c: Initialization failed (CM_Main_Begin()=-3)
SIM_ABORT	Examples_FS/OptimumEndurance2012Germany	0s	0m
APPLICATION	CarMaker 5.0.2 - Car_Generic #351 (5.0.2)
COMPILED	fh@daniel.ipg 2015-09-30 13:47:18
SIM_START	Examples_FS/OptimumEndurance2012Germany	2016-05-28 11:58:30
TIME	0.001
WARNING		PowerTrain OpenXWD: No selected PowerTrainXWD model; calculation using DVA is possible, but without 'integration substepping'
TIME	0.000
SIMULATE	Examples_FS/OptimumEndurance2012Germany

TIME	11.386
ERROR		Roll angle too high (80.08 deg)
SIM_ABORT	Examples_FS/OptimumEndurance2012Germany	11.388s	192.817m
APPLICATION	CarMaker 5.0.2 - Car_Generic #351 (5.0.2)
COMPILED	fh@daniel.ipg 2015-09-30 13:47:18
SIM_START	Examples_FS/OptimumEndurance2012Germany	2016-05-28 11:59:07
TIME	0.001
WARNING		PowerTrain OpenXWD: No selected PowerTrainXWD model; calculation using DVA is possible, but without 'integration substepping'
TIME	0.000
SIMULATE	Examples_FS/OptimumEndurance2012Germany

TIME	19.438
ERROR		Roll angle too high (80.02 deg)
SIM_ABORT	Examples_FS/OptimumEndurance2012Germany	19.44s	331.447m
APPLICATION	CarMaker 5.0.2 - Car_Generic #351 (5.0.2)
COMPILED	fh@daniel.ipg 2015-09-30 13:47:18
SIM_START	Examples_FS/OptimumEndurance2012Germany	2016-05-28 11:59:35
TIME	0.001
WARNING		PowerTrain OpenXWD: No selected PowerTrainXWD model; calculation using DVA is possible, but without 'integration substepping'
TIME	0.000
SIMULATE	Examples_FS/OptimumEndurance2012Germany

TIME	46.751
ERROR		Roll angle too high (-80.09 deg)
SIM_ABORT	Examples_FS/OptimumEndurance2012Germany	46.753s	872.323m
