

SYSTEM_START	-	Willi-PC	Willi-PC	2016-05-21 12:19:37


SYSTEM_INFO	CarMaker 5.0.2 - Car_Generic #351	fh@daniel.ipg 2015-09-30 13:47:18	(5.0.2 fh@daniel.ipg 2015-09-30 13:45:16)
SIM	1463825977	Willi-PC	Willi	Examples_FS/FS_Acceleration	0	11.465	68.1034


SYSTEM_START	-	Willi-PC	Willi-PC	2016-05-21 14:21:56


SYSTEM_INFO	CarMaker 5.0.2 - Car_Generic #351	fh@daniel.ipg 2015-09-30 13:47:18	(5.0.2 fh@daniel.ipg 2015-09-30 13:45:16)
SIM	1463833316	Willi-PC	Willi	Examples_FS/FS_Acceleration	0	11.465	68.1034


SYSTEM_START	-	Willi-PC	Willi-PC	2016-05-21 14:22:19


SYSTEM_INFO	CarMaker 5.0.2 - Car_Generic #351	fh@daniel.ipg 2015-09-30 13:47:18	(5.0.2 fh@daniel.ipg 2015-09-30 13:45:16)
SIM	1463833339	Willi-PC	Willi	Examples_FS/FS_Competition_SkidPad	0	25.303	262.991


SYSTEM_START	-	Willi-PC	Willi-PC	2016-05-21 18:59:42


SYSTEM_INFO	CarMaker 5.0.2 - Car_Generic #351	fh@daniel.ipg 2015-09-30 13:47:18	(5.0.2 fh@daniel.ipg 2015-09-30 13:45:16)
SIM	1463849982	Willi-PC	Willi	Examples_FS/FS_Acceleration	0	11.465	68.1034


SYSTEM_START	-	Willi-PC	Willi-PC	2016-05-24 12:32:27


SYSTEM_INFO	CarMaker 5.0.2 - Car_Generic #351	fh@daniel.ipg 2015-09-30 13:47:18	(5.0.2 fh@daniel.ipg 2015-09-30 13:45:16)
SIM	1464085947	Willi-PC	Willi	Examples_FS/OptimumEndurance2012Germany	0	80.717	1373.72


SYSTEM_START	-	Willi-PC	Willi-PC	2016-05-24 12:34:45


SYSTEM_INFO	CarMaker 5.0.2 - Car_Generic #351	fh@daniel.ipg 2015-09-30 13:47:18	(5.0.2 fh@daniel.ipg 2015-09-30 13:45:16)
SIM	1464086085	Willi-PC	Willi	Examples_FS/OptimumEndurance2012Germany	0	81.67	1374.18


SYSTEM_START	-	Willi-PC	Willi-PC	2016-05-24 12:40:38


SYSTEM_INFO	CarMaker 5.0.2 - Car_Generic #351	fh@daniel.ipg 2015-09-30 13:47:18	(5.0.2 fh@daniel.ipg 2015-09-30 13:45:16)
SIM	1464086438	Willi-PC	Willi	Examples_FS/OptimumEndurance2012Germany	0	16.273	226.696


SYSTEM_START	-	Willi-PC	Willi-PC	2016-05-24 12:44:39


SYSTEM_INFO	CarMaker 5.0.2 - Car_Generic #351	fh@daniel.ipg 2015-09-30 13:47:18	(5.0.2 fh@daniel.ipg 2015-09-30 13:45:16)
SIM	1464086679	Willi-PC	Willi	Examples_FS/OptimumEndurance2012Germany	0	81.793	1374.81


SYSTEM_START	-	Willi-PC	Willi-PC	2016-05-28 11:03:14


SYSTEM_INFO	CarMaker 5.0.2 - Car_Generic #351	fh@daniel.ipg 2015-09-30 13:47:18	(5.0.2 fh@daniel.ipg 2015-09-30 13:45:16)
SIM	1464426194	Willi-PC	Willi	Examples_FS/OptimumEndurance2012Germany	1	20.02	334.385


SYSTEM_START	-	Willi-PC	Willi-PC	2016-05-28 11:03:50


SYSTEM_INFO	CarMaker 5.0.2 - Car_Generic #351	fh@daniel.ipg 2015-09-30 13:47:18	(5.0.2 fh@daniel.ipg 2015-09-30 13:45:16)
SIM	1464426230	Willi-PC	Willi	Examples_FS/OptimumEndurance2012Germany	0	74.22	1370.42


SYSTEM_START	-	Willi-PC	Willi-PC	2016-05-28 11:07:40


SYSTEM_INFO	CarMaker 5.0.2 - Car_Generic #351	fh@daniel.ipg 2015-09-30 13:47:18	(5.0.2 fh@daniel.ipg 2015-09-30 13:45:16)
SIM	1464426460	Willi-PC	Willi	Examples_FS/OptimumEndurance2012Germany	1	48.45	887.339


SYSTEM_START	-	Willi-PC	Willi-PC	2016-05-28 11:08:43


SYSTEM_INFO	CarMaker 5.0.2 - Car_Generic #351	fh@daniel.ipg 2015-09-30 13:47:18	(5.0.2 fh@daniel.ipg 2015-09-30 13:45:16)
SIM	1464426523	Willi-PC	Willi	Examples_FS/OptimumEndurance2012Germany	0	74.22	1370.42


SYSTEM_START	-	Willi-PC	Willi-PC	2016-05-28 11:34:39


SYSTEM_INFO	CarMaker 5.0.2 - Car_Generic #351	fh@daniel.ipg 2015-09-30 13:47:18	(5.0.2 fh@daniel.ipg 2015-09-30 13:45:16)
SIM	1464428079	Willi-PC	Willi	Examples_FS/OptimumAutocross2012Germany	0	36.142	0.00119683


SYSTEM_START	-	Willi-PC	Willi-PC	2016-05-28 11:36:28


SYSTEM_INFO	CarMaker 5.0.2 - Car_Generic #351	fh@daniel.ipg 2015-09-30 13:47:18	(5.0.2 fh@daniel.ipg 2015-09-30 13:45:16)
SIM	1464428188	Willi-PC	Willi	Examples_FS/OptimumAutocross2012Germany	0	4.991	0.000153819


SYSTEM_START	-	Willi-PC	Willi-PC	2016-05-28 11:36:45


SYSTEM_INFO	CarMaker 5.0.2 - Car_Generic #351	fh@daniel.ipg 2015-09-30 13:47:18	(5.0.2 fh@daniel.ipg 2015-09-30 13:45:16)
SIM	1464428205	Willi-PC	Willi	Examples_FS/OptimumAutocross2012Germany	0	7.649	0.000270131


SYSTEM_START	-	Willi-PC	Willi-PC	2016-05-28 11:37:44


SYSTEM_INFO	CarMaker 5.0.2 - Car_Generic #351	fh@daniel.ipg 2015-09-30 13:47:18	(5.0.2 fh@daniel.ipg 2015-09-30 13:45:16)
SIM	1464428264	Willi-PC	Willi	Examples_FS/OptimumAutocross2012Germany	0	9.015	0.000362728


SYSTEM_START	-	Willi-PC	Willi-PC	2016-05-28 11:39:03


SYSTEM_INFO	CarMaker 5.0.2 - Car_Generic #351	fh@daniel.ipg 2015-09-30 13:47:18	(5.0.2 fh@daniel.ipg 2015-09-30 13:45:16)
SIM	1464428343	Willi-PC	Willi	Examples_FS/OptimumAutocross2012Germany	0	74.293	0.00260518


SYSTEM_START	-	Willi-PC	Willi-PC	2016-05-28 11:40:52


SYSTEM_INFO	CarMaker 5.0.2 - Car_Generic #351	fh@daniel.ipg 2015-09-30 13:47:18	(5.0.2 fh@daniel.ipg 2015-09-30 13:45:16)
SIM	1464428452	Willi-PC	Willi	Examples_FS/OptimumAutocross2012Germany	0	5.153	0.000163019


SYSTEM_START	-	Willi-PC	Willi-PC	2016-05-28 11:41:09


SYSTEM_INFO	CarMaker 5.0.2 - Car_Generic #351	fh@daniel.ipg 2015-09-30 13:47:18	(5.0.2 fh@daniel.ipg 2015-09-30 13:45:16)
SIM	1464428469	Willi-PC	Willi	Examples_FS/OptimumAutocross2012Germany	0	2.577	5.0532e-005


SYSTEM_START	-	Willi-PC	Willi-PC	2016-05-28 11:41:57


SYSTEM_INFO	CarMaker 5.0.2 - Car_Generic #351	fh@daniel.ipg 2015-09-30 13:47:18	(5.0.2 fh@daniel.ipg 2015-09-30 13:45:16)
SIM	1464428517	Willi-PC	Willi	Examples_FS/OptimumAutocross2012Germany	0	14.991	0.000632798


SYSTEM_START	-	Willi-PC	Willi-PC	2016-05-28 11:42:18


SYSTEM_INFO	CarMaker 5.0.2 - Car_Generic #351	fh@daniel.ipg 2015-09-30 13:47:18	(5.0.2 fh@daniel.ipg 2015-09-30 13:45:16)
SIM	1464428538	Willi-PC	Willi	Examples_FS/FS_Acceleration	0	11.685	62.8481


SYSTEM_START	-	Willi-PC	Willi-PC	2016-05-28 11:42:36


SYSTEM_INFO	CarMaker 5.0.2 - Car_Generic #351	fh@daniel.ipg 2015-09-30 13:47:18	(5.0.2 fh@daniel.ipg 2015-09-30 13:45:16)
SIM	1464428556	Willi-PC	Willi	Examples_FS/OptimumEndurance2012Germany	0	4.056	40.5112


SYSTEM_START	-	Willi-PC	Willi-PC	2016-05-28 11:42:51


SYSTEM_INFO	CarMaker 5.0.2 - Car_Generic #351	fh@daniel.ipg 2015-09-30 13:47:18	(5.0.2 fh@daniel.ipg 2015-09-30 13:45:16)
SIM	1464428571	Willi-PC	Willi	Examples_FS/OptimumAutocross2012Germany	0	4.116	0.000115185


SYSTEM_START	-	Willi-PC	Willi-PC	2016-05-28 11:43:37


SYSTEM_INFO	CarMaker 5.0.2 - Car_Generic #351	fh@daniel.ipg 2015-09-30 13:47:18	(5.0.2 fh@daniel.ipg 2015-09-30 13:45:16)
SIM	1464428617	Willi-PC	Willi	Examples_FS/OptimumAutocross2012Germany	0	23.4	0.000868065


SYSTEM_START	-	Willi-PC	Willi-PC	2016-05-28 11:44:29


SYSTEM_INFO	CarMaker 5.0.2 - Car_Generic #351	fh@daniel.ipg 2015-09-30 13:47:18	(5.0.2 fh@daniel.ipg 2015-09-30 13:45:16)
SIM	1464428669	Willi-PC	Willi	Examples_FS/OptimumAutocross2012Germany	0	5.244	0.000167845


SYSTEM_START	-	Willi-PC	Willi-PC	2016-05-28 11:45:08


SYSTEM_INFO	CarMaker 5.0.2 - Car_Generic #351	fh@daniel.ipg 2015-09-30 13:47:18	(5.0.2 fh@daniel.ipg 2015-09-30 13:45:16)
SIM	1464428708	Willi-PC	Willi	Examples_FS/OptimumAutocross2012Germany	0	10.634	0.00045722


SYSTEM_START	-	Willi-PC	Willi-PC	2016-05-28 11:46:17


SYSTEM_INFO	CarMaker 5.0.2 - Car_Generic #351	fh@daniel.ipg 2015-09-30 13:47:18	(5.0.2 fh@daniel.ipg 2015-09-30 13:45:16)
SIM	1464428777	Willi-PC	Willi	Examples_FS/OptimumAutocross2012Germany	0	13.714	0.000598767


SYSTEM_START	-	Willi-PC	Willi-PC	2016-05-28 11:47:54


SYSTEM_INFO	CarMaker 5.0.2 - Car_Generic #351	fh@daniel.ipg 2015-09-30 13:47:18	(5.0.2 fh@daniel.ipg 2015-09-30 13:45:16)
SIM	1464428874	Willi-PC	Willi	Examples_FS/OptimumEndurance2012Germany	0	7.868	113.753


SYSTEM_START	-	Willi-PC	Willi-PC	2016-05-28 11:50:25


SYSTEM_INFO	CarMaker 5.0.2 - Car_Generic #351	fh@daniel.ipg 2015-09-30 13:47:18	(5.0.2 fh@daniel.ipg 2015-09-30 13:45:16)
SIM	1464429025	Willi-PC	Willi	Examples_FS/OptimumEndurance2012Germany	1	20.02	334.385


SYSTEM_START	-	Willi-PC	Willi-PC	2016-05-28 11:51:59


SYSTEM_INFO	CarMaker 5.0.2 - Car_Generic #351	fh@daniel.ipg 2015-09-30 13:47:18	(5.0.2 fh@daniel.ipg 2015-09-30 13:45:16)
SIM	1464429120	Willi-PC	Willi	Examples_FS/OptimumEndurance2012Germany	1	58.17	1076.68


SYSTEM_START	-	Willi-PC	Willi-PC	2016-05-28 11:55:14


SYSTEM_INFO	CarMaker 5.0.2 - Car_Generic #351	fh@daniel.ipg 2015-09-30 13:47:18	(5.0.2 fh@daniel.ipg 2015-09-30 13:45:16)
SIM	1464429314	Willi-PC	Willi	Examples_FS/OptimumAutocross2012Germany	0	1.463	2.79928e-005


SYSTEM_START	-	Willi-PC	Willi-PC	2016-05-28 11:55:35


SYSTEM_INFO	CarMaker 5.0.2 - Car_Generic #351	fh@daniel.ipg 2015-09-30 13:47:18	(5.0.2 fh@daniel.ipg 2015-09-30 13:45:16)
SIM	1464429335	Willi-PC	Willi	Examples_FS/OptimumEndurance2012Germany	0	74.537	1368.87


SYSTEM_START	-	Willi-PC	Willi-PC	2016-05-28 11:57:36


SYSTEM_INFO	CarMaker 5.0.2 - Car_Generic #351	fh@daniel.ipg 2015-09-30 13:47:18	(5.0.2 fh@daniel.ipg 2015-09-30 13:45:16)
SIM	1464429456	Willi-PC	Willi	Examples_FS/OptimumEndurance2012Germany	1	10.638	184.593


SYSTEM_START	-	Willi-PC	Willi-PC	2016-05-28 11:58:14


SYSTEM_INFO	CarMaker 5.0.2 - Car_Generic #351	fh@daniel.ipg 2015-09-30 13:47:18	(5.0.2 fh@daniel.ipg 2015-09-30 13:45:16)
SIM	1464429494	Willi-PC	Willi	Examples_FS/OptimumEndurance2012Germany	2	0	0


SYSTEM_START	-	Willi-PC	Willi-PC	2016-05-28 11:58:30


SYSTEM_INFO	CarMaker 5.0.2 - Car_Generic #351	fh@daniel.ipg 2015-09-30 13:47:18	(5.0.2 fh@daniel.ipg 2015-09-30 13:45:16)
SIM	1464429510	Willi-PC	Willi	Examples_FS/OptimumEndurance2012Germany	1	11.388	192.817


SYSTEM_START	-	Willi-PC	Willi-PC	2016-05-28 11:59:07


SYSTEM_INFO	CarMaker 5.0.2 - Car_Generic #351	fh@daniel.ipg 2015-09-30 13:47:18	(5.0.2 fh@daniel.ipg 2015-09-30 13:45:16)
SIM	1464429547	Willi-PC	Willi	Examples_FS/OptimumEndurance2012Germany	1	19.44	331.447


SYSTEM_START	-	Willi-PC	Willi-PC	2016-05-28 11:59:35


SYSTEM_INFO	CarMaker 5.0.2 - Car_Generic #351	fh@daniel.ipg 2015-09-30 13:47:18	(5.0.2 fh@daniel.ipg 2015-09-30 13:45:16)
SIM	1464429575	Willi-PC	Willi	Examples_FS/OptimumEndurance2012Germany	1	46.753	872.323


SYSTEM_START	-	Willi-PC	Willi-PC	2016-06-21 21:13:53


SYSTEM_INFO	CarMaker 5.0.2 - Car_Generic #351	fh@daniel.ipg 2015-09-30 13:47:18	(5.0.2 fh@daniel.ipg 2015-09-30 13:45:16)
SIM	1466536433	Willi-PC	Willi	Examples_FS/FS_Acceleration	0	11.588	62.8521


SYSTEM_START	-	Willi-PC	Willi-PC	2016-06-21 21:32:18


SYSTEM_INFO	CarMaker 5.0.2 - Car_Generic #351	fh@daniel.ipg 2015-09-30 13:47:18	(5.0.2 fh@daniel.ipg 2015-09-30 13:45:16)
SIM	1466537538	Willi-PC	Willi	Examples_FS/FS_Acceleration	0	11.588	62.8521


SYSTEM_START	-	Willi-PC	Willi-PC	2016-06-21 21:33:55


SYSTEM_INFO	CarMaker 5.0.2 - Car_Generic #351	fh@daniel.ipg 2015-09-30 13:47:18	(5.0.2 fh@daniel.ipg 2015-09-30 13:45:16)
SIM	1466537635	Willi-PC	Willi	Examples_FS/FS_Acceleration	0	11.589	62.9556


SYSTEM_START	-	Willi-PC	Willi-PC	2016-06-21 21:34:31


SYSTEM_INFO	CarMaker 5.0.2 - Car_Generic #351	fh@daniel.ipg 2015-09-30 13:47:18	(5.0.2 fh@daniel.ipg 2015-09-30 13:45:16)
SIM	1466537671	Willi-PC	Willi	Examples_FS/FS_Competition_SkidPad	0	25.757	267.701


SYSTEM_START	-	Willi-PC	Willi-PC	2016-06-22 19:46:59


SYSTEM_INFO	CarMaker 5.0.2 - Car_Generic #351	fh@daniel.ipg 2015-09-30 13:47:18	(5.0.2 fh@daniel.ipg 2015-09-30 13:45:16)
SIM	1466617619	Willi-PC	Willi	Examples_FS/FS_Competition_SkidPad	0	25.757	267.701


SYSTEM_START	-	Willi-PC	Willi-PC	2016-06-22 20:05:49


SYSTEM_INFO	CarMaker 5.0.2 - Car_Generic #351	fh@daniel.ipg 2015-09-30 13:47:18	(5.0.2 fh@daniel.ipg 2015-09-30 13:45:16)
SIM	1466618749	Willi-PC	Willi	Examples_FS/FS_Competition_SkidPad	0	14.16	135.445


SYSTEM_START	-	Willi-PC	Willi-PC	2016-06-25 15:46:44


SYSTEM_INFO	CarMaker 5.0.2 - Car_Generic #351	fh@daniel.ipg 2015-09-30 13:47:18	(5.0.2 fh@daniel.ipg 2015-09-30 13:45:16)
SIM	1466862404	Willi-PC	Willi	Examples_FS/FS_Acceleration	0	11.685	62.9298


SYSTEM_START	-	Willi-PC	Willi-PC	2016-07-01 08:14:07


SYSTEM_INFO	CarMaker 5.0.2 - Car_Generic #351	fh@daniel.ipg 2015-09-30 13:47:18	(5.0.2 fh@daniel.ipg 2015-09-30 13:45:16)
SIM	1467353647	Willi-PC	Willi	Examples_FS/FS_Acceleration	0	12.132	55.9369


SYSTEM_START	-	Willi-PC	Willi-PC	2016-07-01 08:15:49


SYSTEM_INFO	CarMaker 5.0.2 - Car_Generic #351	fh@daniel.ipg 2015-09-30 13:47:18	(5.0.2 fh@daniel.ipg 2015-09-30 13:45:16)
SIM	1467353749	Willi-PC	Willi	Examples_FS/FS_Acceleration	0	11.835	59.9236


SYSTEM_START	-	Willi-PC	Willi-PC	2016-07-01 08:18:43


SYSTEM_INFO	CarMaker 5.0.2 - Car_Generic #351	fh@daniel.ipg 2015-09-30 13:47:18	(5.0.2 fh@daniel.ipg 2015-09-30 13:45:16)
SIM	1467353923	Willi-PC	Willi	Examples_FS/FS_Acceleration	0	11.914	61.2963


SYSTEM_START	-	Willi-PC	Willi-PC	2016-07-01 08:20:00


SYSTEM_INFO	CarMaker 5.0.2 - Car_Generic #351	fh@daniel.ipg 2015-09-30 13:47:18	(5.0.2 fh@daniel.ipg 2015-09-30 13:45:16)
SIM	1467354000	Willi-PC	Willi	Examples_FS/FS_Acceleration	0	12.172	57.0434


SYSTEM_START	-	Willi-PC	Willi-PC	2016-07-01 08:28:59


SYSTEM_INFO	CarMaker 5.0.2 - Car_Generic #351	fh@daniel.ipg 2015-09-30 13:47:18	(5.0.2 fh@daniel.ipg 2015-09-30 13:45:16)
SIM	1467354539	Willi-PC	Willi	Examples_FS/FS_Acceleration	0	13.615	96.6749


SYSTEM_START	-	Willi-PC	Willi-PC	2016-07-01 08:34:05


SYSTEM_INFO	CarMaker 5.0.2 - Car_Generic #351	fh@daniel.ipg 2015-09-30 13:47:18	(5.0.2 fh@daniel.ipg 2015-09-30 13:45:16)
SIM	1467354845	Willi-PC	Willi	Examples_FS/FS_Acceleration	0	13.615	96.6749


SYSTEM_START	-	Willi-PC	Willi-PC	2016-07-01 23:41:54


SYSTEM_INFO	CarMaker 5.0.2 - Car_Generic #351	fh@daniel.ipg 2015-09-30 13:47:18	(5.0.2 fh@daniel.ipg 2015-09-30 13:45:16)
SIM	1467409314	Willi-PC	Willi	Examples_FS/FS_Acceleration	0	12.173	57.0595


SYSTEM_START	-	Willi-PC	Willi-PC	2016-07-01 23:43:26


SYSTEM_INFO	CarMaker 5.0.2 - Car_Generic #351	fh@daniel.ipg 2015-09-30 13:47:18	(5.0.2 fh@daniel.ipg 2015-09-30 13:45:16)
SIM	1467409406	Willi-PC	Willi	Examples_FS/FS_Acceleration	0	12.172	57.0434


SYSTEM_START	-	Willi-PC	Willi-PC	2016-07-20 12:47:17


SYSTEM_INFO	CarMaker 5.0.2 - Car_Generic #351	fh@daniel.ipg 2015-09-30 13:47:18	(5.0.2 fh@daniel.ipg 2015-09-30 13:45:16)
SIM	1469011637	Willi-PC	Willi	Examples_FS/FS_Competition_SkidPad	1	6.329	51.4457


SYSTEM_START	-	Willi-PC	Willi-PC	2016-07-20 12:48:03


SYSTEM_INFO	CarMaker 5.0.2 - Car_Generic #351	fh@daniel.ipg 2015-09-30 13:47:18	(5.0.2 fh@daniel.ipg 2015-09-30 13:45:16)
SIM	1469011683	Willi-PC	Willi	Examples_FS/FS_Competition_SkidPad	0	25.412	263.923


SYSTEM_START	-	Willi-PC	Willi-PC	2016-07-20 12:48:59


SYSTEM_INFO	CarMaker 5.0.2 - Car_Generic #351	fh@daniel.ipg 2015-09-30 13:47:18	(5.0.2 fh@daniel.ipg 2015-09-30 13:45:16)
SIM	1469011739	Willi-PC	Willi	Examples_FS/FS_Competition_SkidPad	0	25.412	263.923


SYSTEM_START	-	Willi-PC	Willi-PC	2016-07-20 12:50:12


SYSTEM_INFO	CarMaker 5.0.2 - Car_Generic #351	fh@daniel.ipg 2015-09-30 13:47:18	(5.0.2 fh@daniel.ipg 2015-09-30 13:45:16)
SIM	1469011812	Willi-PC	Willi	Examples_FS/FS_Competition_SkidPad	0	16.734	162.786


SYSTEM_START	-	Willi-PC	Willi-PC	2016-07-20 12:50:52


SYSTEM_INFO	CarMaker 5.0.2 - Car_Generic #351	fh@daniel.ipg 2015-09-30 13:47:18	(5.0.2 fh@daniel.ipg 2015-09-30 13:45:16)
SIM	1469011852	Willi-PC	Willi	Examples_FS/FS_Competition_SkidPad	0	18.876	185.88


SYSTEM_START	-	Willi-PC	Willi-PC	2016-07-20 14:02:50


SYSTEM_INFO	CarMaker 5.0.2 - Car_Generic #351	fh@daniel.ipg 2015-09-30 13:47:18	(5.0.2 fh@daniel.ipg 2015-09-30 13:45:16)
SIM	1469016170	Willi-PC	Willi	Examples_FS/FS_Competition_SkidPad	0	3.153	5.59425


SYSTEM_START	-	Willi-PC	Willi-PC	2016-07-20 14:03:10


SYSTEM_INFO	CarMaker 5.0.2 - Car_Generic #351	fh@daniel.ipg 2015-09-30 13:47:18	(5.0.2 fh@daniel.ipg 2015-09-30 13:45:16)
SIM	1469016190	Willi-PC	Willi	Examples_FS/FS_Acceleration	0	15.813	30.1278


SYSTEM_START	-	Willi-PC	Willi-PC	2016-07-20 14:04:40


SYSTEM_INFO	CarMaker 5.0.2 - Car_Generic #351	fh@daniel.ipg 2015-09-30 13:47:18	(5.0.2 fh@daniel.ipg 2015-09-30 13:45:16)
SIM	1469016280	Willi-PC	Willi	Examples_FS/FS_Acceleration	0	17.655	33.9272


SYSTEM_START	-	Willi-PC	Willi-PC	2016-07-20 14:05:48


SYSTEM_INFO	CarMaker 5.0.2 - Car_Generic #351	fh@daniel.ipg 2015-09-30 13:47:18	(5.0.2 fh@daniel.ipg 2015-09-30 13:45:16)
SIM	1469016348	Willi-PC	Willi	Examples_FS/FS_Acceleration	0	5.964	9.6335


SYSTEM_START	-	Willi-PC	Willi-PC	2016-07-20 14:06:51


SYSTEM_INFO	CarMaker 5.0.2 - Car_Generic #351	fh@daniel.ipg 2015-09-30 13:47:18	(5.0.2 fh@daniel.ipg 2015-09-30 13:45:16)
SIM	1469016411	Willi-PC	Willi	Examples_FS/FS_Acceleration	0	6.159	9.99509


SYSTEM_START	-	Willi-PC	Willi-PC	2016-07-20 14:07:31


SYSTEM_INFO	CarMaker 5.0.2 - Car_Generic #351	fh@daniel.ipg 2015-09-30 13:47:18	(5.0.2 fh@daniel.ipg 2015-09-30 13:45:16)
SIM	1469016451	Willi-PC	Willi	Examples_FS/FS_Acceleration	0	14.249	44.9832


SYSTEM_START	-	Willi-PC	Willi-PC	2016-07-20 14:11:05


SYSTEM_INFO	CarMaker 5.0.2 - Car_Generic #351	fh@daniel.ipg 2015-09-30 13:47:18	(5.0.2 fh@daniel.ipg 2015-09-30 13:45:16)
SIM	1469016665	Willi-PC	Willi	Examples_FS/FS_Acceleration	0	11.567	65.6587


SYSTEM_START	-	Willi-PC	Willi-PC	2016-07-20 14:12:59


SYSTEM_INFO	CarMaker 5.0.2 - Car_Generic #351	fh@daniel.ipg 2015-09-30 13:47:18	(5.0.2 fh@daniel.ipg 2015-09-30 13:45:16)
SIM	1469016779	Willi-PC	Willi	Examples_FS/FS_Acceleration	0	6.725	104.013


SYSTEM_START	-	Willi-PC	Willi-PC	2016-07-20 14:13:54


SYSTEM_INFO	CarMaker 5.0.2 - Car_Generic #351	fh@daniel.ipg 2015-09-30 13:47:18	(5.0.2 fh@daniel.ipg 2015-09-30 13:45:16)
SIM	1469016834	Willi-PC	Willi	Examples_FS/FS_Acceleration	0	6.725	104.013


SYSTEM_START	-	Willi-PC	Willi-PC	2016-07-20 14:15:33


SYSTEM_INFO	CarMaker 5.0.2 - Car_Generic #351	fh@daniel.ipg 2015-09-30 13:47:18	(5.0.2 fh@daniel.ipg 2015-09-30 13:45:16)
SIM	1469016933	Willi-PC	Willi	Examples_FS/FS_Acceleration	0	6.725	104.013


SYSTEM_START	-	Willi-PC	Willi-PC	2016-07-20 14:16:17


SYSTEM_INFO	CarMaker 5.0.2 - Car_Generic #351	fh@daniel.ipg 2015-09-30 13:47:18	(5.0.2 fh@daniel.ipg 2015-09-30 13:45:16)
SIM	1469016977	Willi-PC	Willi	Examples_FS/FS_Acceleration	0	3.696	74.3186


SYSTEM_START	-	Willi-PC	Willi-PC	2016-07-20 14:16:56


SYSTEM_INFO	CarMaker 5.0.2 - Car_Generic #351	fh@daniel.ipg 2015-09-30 13:47:18	(5.0.2 fh@daniel.ipg 2015-09-30 13:45:16)
SIM	1469017016	Willi-PC	Willi	Examples_FS/FS_Acceleration	0	6.651	103.573


SYSTEM_START	-	Willi-PC	Willi-PC	2016-07-20 14:19:41


SYSTEM_INFO	CarMaker 5.0.2 - Car_Generic #351	fh@daniel.ipg 2015-09-30 13:47:18	(5.0.2 fh@daniel.ipg 2015-09-30 13:45:16)
SIM	1469017181	Willi-PC	Willi	Examples_FS/FS_Acceleration	0	7.416	98.4386


SYSTEM_START	-	Willi-PC	Willi-PC	2016-07-20 14:20:12


SYSTEM_INFO	CarMaker 5.0.2 - Car_Generic #351	fh@daniel.ipg 2015-09-30 13:47:18	(5.0.2 fh@daniel.ipg 2015-09-30 13:45:16)
SIM	1469017212	Willi-PC	Willi	Examples_FS/FS_Acceleration	0	7.416	98.4386


SYSTEM_START	-	Willi-PC	Willi-PC	2016-07-20 14:22:18


SYSTEM_INFO	CarMaker 5.0.2 - Car_Generic #351	fh@daniel.ipg 2015-09-30 13:47:18	(5.0.2 fh@daniel.ipg 2015-09-30 13:45:16)
SIM	1469017338	Willi-PC	Willi	Examples_FS/FS_Acceleration	0	7.416	98.4387


SYSTEM_START	-	Willi-PC	Willi-PC	2016-07-20 14:23:25


SYSTEM_INFO	CarMaker 5.0.2 - Car_Generic #351	fh@daniel.ipg 2015-09-30 13:47:18	(5.0.2 fh@daniel.ipg 2015-09-30 13:45:16)
SIM	1469017405	Willi-PC	Willi	Examples_FS/FS_Acceleration	0	1.354	9.74266


SYSTEM_START	-	Willi-PC	Willi-PC	2016-07-20 14:23:35


SYSTEM_INFO	CarMaker 5.0.2 - Car_Generic #351	fh@daniel.ipg 2015-09-30 13:47:18	(5.0.2 fh@daniel.ipg 2015-09-30 13:45:16)
SIM	1469017415	Willi-PC	Willi	Examples_FS/FS_Acceleration	0	4.404	75.0266


SYSTEM_START	-	Willi-PC	Willi-PC	2016-07-20 14:26:16


SYSTEM_INFO	CarMaker 5.0.2 - Car_Generic #351	fh@daniel.ipg 2015-09-30 13:47:18	(5.0.2 fh@daniel.ipg 2015-09-30 13:45:16)
SIM	1469017576	Willi-PC	Willi	Examples_FS/FS_Acceleration	0	4.404	75.0266


SYSTEM_START	-	Willi-PC	Willi-PC	2016-07-20 14:26:51


SYSTEM_INFO	CarMaker 5.0.2 - Car_Generic #351	fh@daniel.ipg 2015-09-30 13:47:18	(5.0.2 fh@daniel.ipg 2015-09-30 13:45:16)
SIM	1469017611	Willi-PC	Willi	Examples_FS/FS_Acceleration	0	4.145	75.0337


SYSTEM_START	-	Willi-PC	Willi-PC	2016-07-20 14:28:13


SYSTEM_INFO	CarMaker 5.0.2 - Car_Generic #351	fh@daniel.ipg 2015-09-30 13:47:18	(5.0.2 fh@daniel.ipg 2015-09-30 13:45:16)
SIM	1469017693	Willi-PC	Willi	Examples_FS/FS_Acceleration	0	4.145	75.0337


SYSTEM_START	-	Willi-PC	Willi-PC	2016-07-20 14:29:58


SYSTEM_INFO	CarMaker 5.0.2 - Car_Generic #351	fh@daniel.ipg 2015-09-30 13:47:18	(5.0.2 fh@daniel.ipg 2015-09-30 13:45:16)
SIM	1469017798	Willi-PC	Willi	Examples_FS/FS_Acceleration	0	4.145	75.0337


SYSTEM_START	-	Willi-PC	Willi-PC	2016-07-20 14:38:09


SYSTEM_INFO	CarMaker 5.0.2 - Car_Generic #351	fh@daniel.ipg 2015-09-30 13:47:18	(5.0.2 fh@daniel.ipg 2015-09-30 13:45:16)
SIM	1469018289	Willi-PC	Willi	Examples_FS/FS_Acceleration	0	4.145	75.0337


SYSTEM_START	-	Willi-PC	Willi-PC	2016-07-20 14:48:36


SYSTEM_INFO	CarMaker 5.0.2 - Car_Generic #351	fh@daniel.ipg 2015-09-30 13:47:18	(5.0.2 fh@daniel.ipg 2015-09-30 13:45:16)
SIM	1469018916	Willi-PC	Willi	Examples_FS/FS_Acceleration	0	3.994	75.054


SYSTEM_START	-	Willi-PC	Willi-PC	2016-07-20 14:49:18


SYSTEM_INFO	CarMaker 5.0.2 - Car_Generic #351	fh@daniel.ipg 2015-09-30 13:47:18	(5.0.2 fh@daniel.ipg 2015-09-30 13:45:16)
SIM	1469018958	Willi-PC	Willi	Examples_FS/FS_Acceleration	0	3.994	75.054


SYSTEM_START	-	Willi-PC	Willi-PC	2016-07-20 14:51:04


SYSTEM_INFO	CarMaker 5.0.2 - Car_Generic #351	fh@daniel.ipg 2015-09-30 13:47:18	(5.0.2 fh@daniel.ipg 2015-09-30 13:45:16)
SIM	1469019064	Willi-PC	Willi	Examples_FS/FS_Acceleration	0	3.994	75.054


SYSTEM_START	-	Willi-PC	Willi-PC	2016-07-20 14:52:12


SYSTEM_INFO	CarMaker 5.0.2 - Car_Generic #351	fh@daniel.ipg 2015-09-30 13:47:18	(5.0.2 fh@daniel.ipg 2015-09-30 13:45:16)
SIM	1469019132	Willi-PC	Willi	Examples_FS/FS_Acceleration	0	3.878	75.0343


SYSTEM_START	-	Willi-PC	Willi-PC	2016-07-20 17:29:53


SYSTEM_INFO	CarMaker 5.0.2 - Car_Generic #351	fh@daniel.ipg 2015-09-30 13:47:18	(5.0.2 fh@daniel.ipg 2015-09-30 13:45:16)
SIM	1469028593	Willi-PC	Willi	Examples_FS/FS_Acceleration	0	3.878	75.0343


SYSTEM_START	-	Willi-PC	Willi-PC	2016-07-20 17:30:23


SYSTEM_INFO	CarMaker 5.0.2 - Car_Generic #351	fh@daniel.ipg 2015-09-30 13:47:18	(5.0.2 fh@daniel.ipg 2015-09-30 13:45:16)
SIM	1469028623	Willi-PC	Willi	Examples_FS/FS_Acceleration	0	3.878	75.0343


SYSTEM_START	-	Willi-PC	Willi-PC	2016-07-20 17:30:55


SYSTEM_INFO	CarMaker 5.0.2 - Car_Generic #351	fh@daniel.ipg 2015-09-30 13:47:18	(5.0.2 fh@daniel.ipg 2015-09-30 13:45:16)
SIM	1469028655	Willi-PC	Willi	Examples_FS/FS_Acceleration	0	3.878	75.0343


SYSTEM_START	-	Willi-PC	Willi-PC	2016-07-20 17:31:22


SYSTEM_INFO	CarMaker 5.0.2 - Car_Generic #351	fh@daniel.ipg 2015-09-30 13:47:18	(5.0.2 fh@daniel.ipg 2015-09-30 13:45:16)
SIM	1469028682	Willi-PC	Willi	Examples_FS/FS_Acceleration	0	3.878	75.0343


SYSTEM_START	-	Willi-PC	Willi-PC	2016-07-20 17:31:47


SYSTEM_INFO	CarMaker 5.0.2 - Car_Generic #351	fh@daniel.ipg 2015-09-30 13:47:18	(5.0.2 fh@daniel.ipg 2015-09-30 13:45:16)
SIM	1469028707	Willi-PC	Willi	Examples_FS/FS_Acceleration	0	0	0


SYSTEM_START	-	Willi-PC	Willi-PC	2016-07-20 17:31:53


SYSTEM_INFO	CarMaker 5.0.2 - Car_Generic #351	fh@daniel.ipg 2015-09-30 13:47:18	(5.0.2 fh@daniel.ipg 2015-09-30 13:45:16)
SIM	1469028713	Willi-PC	Willi	Examples_FS/FS_Acceleration	0	3.878	75.0343


SYSTEM_START	-	Willi-PC	Willi-PC	2016-07-20 17:32:49


SYSTEM_INFO	CarMaker 5.0.2 - Car_Generic #351	fh@daniel.ipg 2015-09-30 13:47:18	(5.0.2 fh@daniel.ipg 2015-09-30 13:45:16)
SIM	1469028769	Willi-PC	Willi	Examples_FS/FS_Acceleration	0	3.878	75.0343


SYSTEM_START	-	Willi-PC	Willi-PC	2016-07-20 17:34:18


SYSTEM_INFO	CarMaker 5.0.2 - Car_Generic #351	fh@daniel.ipg 2015-09-30 13:47:18	(5.0.2 fh@daniel.ipg 2015-09-30 13:45:16)
SIM	1469028858	Willi-PC	Willi	Examples_FS/FS_Acceleration	0	3.878	75.0397


SYSTEM_START	-	Willi-PC	Willi-PC	2016-07-20 17:37:02


SYSTEM_INFO	CarMaker 5.0.2 - Car_Generic #351	fh@daniel.ipg 2015-09-30 13:47:18	(5.0.2 fh@daniel.ipg 2015-09-30 13:45:16)
SIM	1469029022	Willi-PC	Willi	Examples_FS/FS_Acceleration	0	3.878	75.0366


SYSTEM_START	-	Willi-PC	Willi-PC	2016-07-20 17:39:20


SYSTEM_INFO	CarMaker 5.0.2 - Car_Generic #351	fh@daniel.ipg 2015-09-30 13:47:18	(5.0.2 fh@daniel.ipg 2015-09-30 13:45:16)
SIM	1469029161	Willi-PC	Willi	Examples_FS/FS_Acceleration	0	3.898	75.0373


SYSTEM_START	-	Willi-PC	Willi-PC	2016-07-20 17:41:10


SYSTEM_INFO	CarMaker 5.0.2 - Car_Generic #351	fh@daniel.ipg 2015-09-30 13:47:18	(5.0.2 fh@daniel.ipg 2015-09-30 13:45:16)
SIM	1469029271	Willi-PC	Willi	Examples_FS/FS_Acceleration	0	3.893	75.0352


SYSTEM_START	-	Willi-PC	Willi-PC	2016-07-20 17:48:35


SYSTEM_INFO	CarMaker 5.0.2 - Car_Generic #351	fh@daniel.ipg 2015-09-30 13:47:18	(5.0.2 fh@daniel.ipg 2015-09-30 13:45:16)
SIM	1469029715	Willi-PC	Willi	Examples_FS/FS_Acceleration	0	3.893	75.0378


SYSTEM_START	-	Willi-PC	Willi-PC	2016-07-20 18:05:34


SYSTEM_INFO	CarMaker 5.0.2 - Car_Generic #351	fh@daniel.ipg 2015-09-30 13:47:18	(5.0.2 fh@daniel.ipg 2015-09-30 13:45:16)
SIM	1469030734	Willi-PC	Willi	Examples_FS/FS_Acceleration	0	3.891	75.0605


SYSTEM_START	-	Willi-PC	Willi-PC	2016-07-20 18:07:00


SYSTEM_INFO	CarMaker 5.0.2 - Car_Generic #351	fh@daniel.ipg 2015-09-30 13:47:18	(5.0.2 fh@daniel.ipg 2015-09-30 13:45:16)
SIM	1469030820	Willi-PC	Willi	Examples_FS/FS_Acceleration	0	3.89	75.0338


SYSTEM_START	-	Willi-PC	Willi-PC	2016-07-20 18:08:55


SYSTEM_INFO	CarMaker 5.0.2 - Car_Generic #351	fh@daniel.ipg 2015-09-30 13:47:18	(5.0.2 fh@daniel.ipg 2015-09-30 13:45:16)
SIM	1469030935	Willi-PC	Willi	Examples_FS/FS_Acceleration	0	5.098	75.033


SYSTEM_START	-	Willi-PC	Willi-PC	2016-07-20 18:13:46


SYSTEM_INFO	CarMaker 5.0.2 - Car_Generic #351	fh@daniel.ipg 2015-09-30 13:47:18	(5.0.2 fh@daniel.ipg 2015-09-30 13:45:16)
SIM	1469031226	Willi-PC	Willi	Examples_FS/FS_Acceleration	0	4.165	75.0311


SYSTEM_START	-	Willi-PC	Willi-PC	2016-07-22 19:12:54


SYSTEM_INFO	CarMaker 5.0.2 - Car_Generic #351	fh@daniel.ipg 2015-09-30 13:47:18	(5.0.2 fh@daniel.ipg 2015-09-30 13:45:16)
SIM	1469207574	Willi-PC	Willi	Examples_FS/FS_Acceleration	0	3.885	75.0377


SYSTEM_START	-	Willi-PC	Willi-PC	2016-07-22 19:13:56


SYSTEM_INFO	CarMaker 5.0.2 - Car_Generic #351	fh@daniel.ipg 2015-09-30 13:47:18	(5.0.2 fh@daniel.ipg 2015-09-30 13:45:16)
SIM	1469207636	Willi-PC	Willi	Examples_FS/FS_Acceleration	0	3.795	75.0468


SYSTEM_START	-	Willi-PC	Willi-PC	2016-07-22 23:40:47


SYSTEM_INFO	CarMaker 5.0.2 - Car_Generic #351	fh@daniel.ipg 2015-09-30 13:47:18	(5.0.2 fh@daniel.ipg 2015-09-30 13:45:16)
SIM	1469223647	Willi-PC	Willi	Examples_FS/FS_Acceleration	0	3.706	75.0344


SYSTEM_START	-	Willi-PC	Willi-PC	2016-07-22 23:44:15


SYSTEM_INFO	CarMaker 5.0.2 - Car_Generic #351	fh@daniel.ipg 2015-09-30 13:47:18	(5.0.2 fh@daniel.ipg 2015-09-30 13:45:16)
SIM	1469223855	Willi-PC	Willi	Examples_FS/FS_Acceleration	0	3.702	75.038


SYSTEM_START	-	Willi-PC	Willi-PC	2016-07-22 23:44:54


SYSTEM_INFO	CarMaker 5.0.2 - Car_Generic #351	fh@daniel.ipg 2015-09-30 13:47:18	(5.0.2 fh@daniel.ipg 2015-09-30 13:45:16)
SIM	1469223894	Willi-PC	Willi	Examples_FS/FS_Acceleration	0	3.886	75.0577


SYSTEM_START	-	Willi-PC	Willi-PC	2016-07-22 23:46:41


SYSTEM_INFO	CarMaker 5.0.2 - Car_Generic #351	fh@daniel.ipg 2015-09-30 13:47:18	(5.0.2 fh@daniel.ipg 2015-09-30 13:45:16)
SIM	1469224001	Willi-PC	Willi	Examples_FS/FS_Acceleration	0	4.057	75.0445


SYSTEM_START	-	Willi-PC	Willi-PC	2016-07-22 23:47:35


SYSTEM_INFO	CarMaker 5.0.2 - Car_Generic #351	fh@daniel.ipg 2015-09-30 13:47:18	(5.0.2 fh@daniel.ipg 2015-09-30 13:45:16)
SIM	1469224055	Willi-PC	Willi	Examples_FS/FS_Acceleration	0	4.065	75.0325


SYSTEM_START	-	Willi-PC	Willi-PC	2016-07-22 23:48:29


SYSTEM_INFO	CarMaker 5.0.2 - Car_Generic #351	fh@daniel.ipg 2015-09-30 13:47:18	(5.0.2 fh@daniel.ipg 2015-09-30 13:45:16)
SIM	1469224109	Willi-PC	Willi	Examples_FS/FS_Acceleration	0	4.005	75.0465


SYSTEM_START	-	Willi-PC	Willi-PC	2016-07-22 23:52:46


SYSTEM_INFO	CarMaker 5.0.2 - Car_Generic #351	fh@daniel.ipg 2015-09-30 13:47:18	(5.0.2 fh@daniel.ipg 2015-09-30 13:45:16)
SIM	1469224366	Willi-PC	Willi	Examples_FS/FS_Acceleration	0	4.005	75.0465


SYSTEM_START	-	Willi-PC	Willi-PC	2016-07-22 23:53:38


SYSTEM_INFO	CarMaker 5.0.2 - Car_Generic #351	fh@daniel.ipg 2015-09-30 13:47:18	(5.0.2 fh@daniel.ipg 2015-09-30 13:45:16)
SIM	1469224418	Willi-PC	Willi	Examples_FS/FS_Acceleration	0	3.779	75.0422


SYSTEM_START	-	Willi-PC	Willi-PC	2016-07-22 23:56:03


SYSTEM_INFO	CarMaker 5.0.2 - Car_Generic #351	fh@daniel.ipg 2015-09-30 13:47:18	(5.0.2 fh@daniel.ipg 2015-09-30 13:45:16)
SIM	1469224563	Willi-PC	Willi	Examples_FS/FS_Acceleration	0	3.779	75.0352


SYSTEM_START	-	Willi-PC	Willi-PC	2016-07-22 23:59:28


SYSTEM_INFO	CarMaker 5.0.2 - Car_Generic #351	fh@daniel.ipg 2015-09-30 13:47:18	(5.0.2 fh@daniel.ipg 2015-09-30 13:45:16)
SIM	1469224768	Willi-PC	Willi	Examples_FS/FS_Acceleration	0	4.102	75.0388


SYSTEM_START	-	Willi-PC	Willi-PC	2016-07-23 00:01:05


SYSTEM_INFO	CarMaker 5.0.2 - Car_Generic #351	fh@daniel.ipg 2015-09-30 13:47:18	(5.0.2 fh@daniel.ipg 2015-09-30 13:45:16)
SIM	1469224865	Willi-PC	Willi	Examples_FS/FS_Acceleration	0	4.101	75.0308


SYSTEM_START	-	Willi-PC	Willi-PC	2016-07-23 00:01:53


SYSTEM_INFO	CarMaker 5.0.2 - Car_Generic #351	fh@daniel.ipg 2015-09-30 13:47:18	(5.0.2 fh@daniel.ipg 2015-09-30 13:45:16)
SIM	1469224913	Willi-PC	Willi	Examples_FS/FS_Acceleration	0	4.121	75.0382


SYSTEM_START	-	Willi-PC	Willi-PC	2016-07-23 00:02:26


SYSTEM_INFO	CarMaker 5.0.2 - Car_Generic #351	fh@daniel.ipg 2015-09-30 13:47:18	(5.0.2 fh@daniel.ipg 2015-09-30 13:45:16)
SIM	1469224946	Willi-PC	Willi	Examples_FS/FS_Acceleration	0	4.097	75.0548


SYSTEM_START	-	Willi-PC	Willi-PC	2016-07-23 00:03:27


SYSTEM_INFO	CarMaker 5.0.2 - Car_Generic #351	fh@daniel.ipg 2015-09-30 13:47:18	(5.0.2 fh@daniel.ipg 2015-09-30 13:45:16)
SIM	1469225007	Willi-PC	Willi	Examples_FS/FS_Acceleration	0	4.096	75.0284
